<?xml version="1.0" encoding="UTF-8"?>
<!-- Generated by org.testng.reporters.JUnitReportReporter -->
<testsuite hostname="DESKTOP-TVLTENJ" failures="0" tests="1" name="Automation.Batch2FinalProject.LoginTest" time="46.800" errors="0" timestamp="18 Jul 2021 07:09:20 GMT" skipped="0">
  <testcase classname="Automation.Batch2FinalProject.LoginTest" name="navigation" time="46.800"/>
</testsuite> <!-- Automation.Batch2FinalProject.LoginTest -->
